20-Aug-2019 21:38:24.406 INFO [main] org.apache.catalina.startup.VersionLoggerListener.log Server version:        Apache Tomcat/9.0.6
20-Aug-2019 21:38:24.415 INFO [main] org.apache.catalina.startup.VersionLoggerListener.log Server built:          Mar 5 2018 09:34:35 UTC
20-Aug-2019 21:38:24.415 INFO [main] org.apache.catalina.startup.VersionLoggerListener.log Server number:         9.0.6.0
20-Aug-2019 21:38:24.416 INFO [main] org.apache.catalina.startup.VersionLoggerListener.log OS Name:               Linux
20-Aug-2019 21:38:24.416 INFO [main] org.apache.catalina.startup.VersionLoggerListener.log OS Version:            4.9.184-linuxkit
20-Aug-2019 21:38:24.416 INFO [main] org.apache.catalina.startup.VersionLoggerListener.log Architecture:          amd64
20-Aug-2019 21:38:24.417 INFO [main] org.apache.catalina.startup.VersionLoggerListener.log Java Home:             /usr/lib/jvm/java-1.8-openjdk/jre
20-Aug-2019 21:38:24.417 INFO [main] org.apache.catalina.startup.VersionLoggerListener.log JVM Version:           1.8.0_171-b11
20-Aug-2019 21:38:24.417 INFO [main] org.apache.catalina.startup.VersionLoggerListener.log JVM Vendor:            Oracle Corporation
20-Aug-2019 21:38:24.418 INFO [main] org.apache.catalina.startup.VersionLoggerListener.log CATALINA_BASE:         /opt/liferay/tomcat
20-Aug-2019 21:38:24.418 INFO [main] org.apache.catalina.startup.VersionLoggerListener.log CATALINA_HOME:         /opt/liferay/tomcat
20-Aug-2019 21:38:24.419 INFO [main] org.apache.catalina.startup.VersionLoggerListener.log Command line argument: -Djava.util.logging.config.file=/opt/liferay/tomcat/conf/logging.properties
20-Aug-2019 21:38:24.419 INFO [main] org.apache.catalina.startup.VersionLoggerListener.log Command line argument: -Djava.util.logging.manager=org.apache.juli.ClassLoaderLogManager
20-Aug-2019 21:38:24.419 INFO [main] org.apache.catalina.startup.VersionLoggerListener.log Command line argument: -Djdk.tls.ephemeralDHKeySize=2048
20-Aug-2019 21:38:24.419 INFO [main] org.apache.catalina.startup.VersionLoggerListener.log Command line argument: -Djava.protocol.handler.pkgs=org.apache.catalina.webresources
20-Aug-2019 21:38:24.420 INFO [main] org.apache.catalina.startup.VersionLoggerListener.log Command line argument: -Dfile.encoding=UTF8
20-Aug-2019 21:38:24.420 INFO [main] org.apache.catalina.startup.VersionLoggerListener.log Command line argument: -Djava.net.preferIPv4Stack=true
20-Aug-2019 21:38:24.420 INFO [main] org.apache.catalina.startup.VersionLoggerListener.log Command line argument: -Dorg.apache.catalina.loader.WebappClassLoader.ENABLE_CLEAR_REFERENCES=false
20-Aug-2019 21:38:24.420 INFO [main] org.apache.catalina.startup.VersionLoggerListener.log Command line argument: -Duser.timezone=GMT
20-Aug-2019 21:38:24.421 INFO [main] org.apache.catalina.startup.VersionLoggerListener.log Command line argument: -Xmx1024m
20-Aug-2019 21:38:24.421 INFO [main] org.apache.catalina.startup.VersionLoggerListener.log Command line argument: -XX:MaxMetaspaceSize=512m
20-Aug-2019 21:38:24.421 INFO [main] org.apache.catalina.startup.VersionLoggerListener.log Command line argument: -Dignore.endorsed.dirs=
20-Aug-2019 21:38:24.421 INFO [main] org.apache.catalina.startup.VersionLoggerListener.log Command line argument: -Dcatalina.base=/opt/liferay/tomcat
20-Aug-2019 21:38:24.422 INFO [main] org.apache.catalina.startup.VersionLoggerListener.log Command line argument: -Dcatalina.home=/opt/liferay/tomcat
20-Aug-2019 21:38:24.422 INFO [main] org.apache.catalina.startup.VersionLoggerListener.log Command line argument: -Djava.io.tmpdir=/opt/liferay/tomcat/temp
20-Aug-2019 21:38:24.422 INFO [main] org.apache.catalina.core.AprLifecycleListener.lifecycleEvent The APR based Apache Tomcat Native library which allows optimal performance in production environments was not found on the java.library.path: [/usr/lib/jvm/java-1.8-openjdk/jre/lib/amd64/server:/usr/lib/jvm/java-1.8-openjdk/jre/lib/amd64:/usr/lib/jvm/java-1.8-openjdk/jre/../lib/amd64:/usr/java/packages/lib/amd64:/usr/lib64:/lib64:/lib:/usr/lib]
20-Aug-2019 21:38:24.695 INFO [main] org.apache.coyote.AbstractProtocol.init Initializing ProtocolHandler ["http-nio-8080"]
20-Aug-2019 21:38:24.737 INFO [main] org.apache.tomcat.util.net.NioSelectorPool.getSharedSelector Using a shared selector for servlet write/read
20-Aug-2019 21:38:24.752 INFO [main] org.apache.coyote.AbstractProtocol.init Initializing ProtocolHandler ["ajp-nio-8009"]
20-Aug-2019 21:38:24.754 INFO [main] org.apache.tomcat.util.net.NioSelectorPool.getSharedSelector Using a shared selector for servlet write/read
20-Aug-2019 21:38:24.755 INFO [main] org.apache.catalina.startup.Catalina.load Initialization processed in 1329 ms
20-Aug-2019 21:38:24.806 INFO [main] org.apache.catalina.core.StandardService.startInternal Starting service [Catalina]
20-Aug-2019 21:38:24.806 INFO [main] org.apache.catalina.core.StandardEngine.startInternal Starting Servlet Engine: Apache Tomcat/9.0.6
20-Aug-2019 21:38:24.822 INFO [main] org.apache.catalina.startup.HostConfig.deployDescriptor Deploying deployment descriptor [/opt/liferay/tomcat/conf/Catalina/localhost/ROOT.xml]
20-Aug-2019 21:38:24.862 WARNING [main] org.apache.catalina.startup.HostConfig.deployDescriptor The path attribute with value [] in deployment descriptor [/opt/liferay/tomcat/conf/Catalina/localhost/ROOT.xml] has been ignored
20-Aug-2019 21:41:27.042 INFO [main] org.apache.catalina.startup.HostConfig.deployDescriptor Deployment of deployment descriptor [/opt/liferay/tomcat/conf/Catalina/localhost/ROOT.xml] has finished in [182,219] ms
20-Aug-2019 21:41:27.053 INFO [main] org.apache.coyote.AbstractProtocol.start Starting ProtocolHandler ["http-nio-8080"]
20-Aug-2019 21:41:27.089 INFO [main] org.apache.coyote.AbstractProtocol.start Starting ProtocolHandler ["ajp-nio-8009"]
20-Aug-2019 21:41:27.110 INFO [main] org.apache.catalina.startup.Catalina.start Server startup in 182568 ms
20-Aug-2019 22:24:58.803 INFO [Thread-32] org.apache.coyote.AbstractProtocol.pause Pausing ProtocolHandler ["http-nio-8080"]
20-Aug-2019 22:24:58.808 INFO [Thread-32] org.apache.coyote.AbstractProtocol.pause Pausing ProtocolHandler ["ajp-nio-8009"]
20-Aug-2019 22:24:58.861 INFO [Thread-32] org.apache.catalina.core.StandardService.stopInternal Stopping service [Catalina]
20-Aug-2019 22:27:07.265 INFO [main] org.apache.catalina.startup.VersionLoggerListener.log Server version:        Apache Tomcat/9.0.6
20-Aug-2019 22:27:07.271 INFO [main] org.apache.catalina.startup.VersionLoggerListener.log Server built:          Mar 5 2018 09:34:35 UTC
20-Aug-2019 22:27:07.271 INFO [main] org.apache.catalina.startup.VersionLoggerListener.log Server number:         9.0.6.0
20-Aug-2019 22:27:07.271 INFO [main] org.apache.catalina.startup.VersionLoggerListener.log OS Name:               Linux
20-Aug-2019 22:27:07.272 INFO [main] org.apache.catalina.startup.VersionLoggerListener.log OS Version:            4.9.184-linuxkit
20-Aug-2019 22:27:07.272 INFO [main] org.apache.catalina.startup.VersionLoggerListener.log Architecture:          amd64
20-Aug-2019 22:27:07.272 INFO [main] org.apache.catalina.startup.VersionLoggerListener.log Java Home:             /usr/lib/jvm/java-1.8-openjdk/jre
20-Aug-2019 22:27:07.273 INFO [main] org.apache.catalina.startup.VersionLoggerListener.log JVM Version:           1.8.0_171-b11
20-Aug-2019 22:27:07.273 INFO [main] org.apache.catalina.startup.VersionLoggerListener.log JVM Vendor:            Oracle Corporation
20-Aug-2019 22:27:07.273 INFO [main] org.apache.catalina.startup.VersionLoggerListener.log CATALINA_BASE:         /opt/liferay/tomcat
20-Aug-2019 22:27:07.273 INFO [main] org.apache.catalina.startup.VersionLoggerListener.log CATALINA_HOME:         /opt/liferay/tomcat
20-Aug-2019 22:27:07.274 INFO [main] org.apache.catalina.startup.VersionLoggerListener.log Command line argument: -Djava.util.logging.config.file=/opt/liferay/tomcat/conf/logging.properties
20-Aug-2019 22:27:07.274 INFO [main] org.apache.catalina.startup.VersionLoggerListener.log Command line argument: -Djava.util.logging.manager=org.apache.juli.ClassLoaderLogManager
20-Aug-2019 22:27:07.274 INFO [main] org.apache.catalina.startup.VersionLoggerListener.log Command line argument: -Djdk.tls.ephemeralDHKeySize=2048
20-Aug-2019 22:27:07.274 INFO [main] org.apache.catalina.startup.VersionLoggerListener.log Command line argument: -Djava.protocol.handler.pkgs=org.apache.catalina.webresources
20-Aug-2019 22:27:07.275 INFO [main] org.apache.catalina.startup.VersionLoggerListener.log Command line argument: -Dfile.encoding=UTF8
20-Aug-2019 22:27:07.275 INFO [main] org.apache.catalina.startup.VersionLoggerListener.log Command line argument: -Djava.net.preferIPv4Stack=true
20-Aug-2019 22:27:07.275 INFO [main] org.apache.catalina.startup.VersionLoggerListener.log Command line argument: -Dorg.apache.catalina.loader.WebappClassLoader.ENABLE_CLEAR_REFERENCES=false
20-Aug-2019 22:27:07.275 INFO [main] org.apache.catalina.startup.VersionLoggerListener.log Command line argument: -Duser.timezone=GMT
20-Aug-2019 22:27:07.276 INFO [main] org.apache.catalina.startup.VersionLoggerListener.log Command line argument: -Xmx1024m
20-Aug-2019 22:27:07.276 INFO [main] org.apache.catalina.startup.VersionLoggerListener.log Command line argument: -XX:MaxMetaspaceSize=512m
20-Aug-2019 22:27:07.276 INFO [main] org.apache.catalina.startup.VersionLoggerListener.log Command line argument: -Dignore.endorsed.dirs=
20-Aug-2019 22:27:07.277 INFO [main] org.apache.catalina.startup.VersionLoggerListener.log Command line argument: -Dcatalina.base=/opt/liferay/tomcat
20-Aug-2019 22:27:07.277 INFO [main] org.apache.catalina.startup.VersionLoggerListener.log Command line argument: -Dcatalina.home=/opt/liferay/tomcat
20-Aug-2019 22:27:07.277 INFO [main] org.apache.catalina.startup.VersionLoggerListener.log Command line argument: -Djava.io.tmpdir=/opt/liferay/tomcat/temp
20-Aug-2019 22:27:07.278 INFO [main] org.apache.catalina.core.AprLifecycleListener.lifecycleEvent The APR based Apache Tomcat Native library which allows optimal performance in production environments was not found on the java.library.path: [/usr/lib/jvm/java-1.8-openjdk/jre/lib/amd64/server:/usr/lib/jvm/java-1.8-openjdk/jre/lib/amd64:/usr/lib/jvm/java-1.8-openjdk/jre/../lib/amd64:/usr/java/packages/lib/amd64:/usr/lib64:/lib64:/lib:/usr/lib]
20-Aug-2019 22:27:07.470 INFO [main] org.apache.coyote.AbstractProtocol.init Initializing ProtocolHandler ["http-nio-8080"]
20-Aug-2019 22:27:07.490 INFO [main] org.apache.tomcat.util.net.NioSelectorPool.getSharedSelector Using a shared selector for servlet write/read
20-Aug-2019 22:27:07.499 INFO [main] org.apache.coyote.AbstractProtocol.init Initializing ProtocolHandler ["ajp-nio-8009"]
20-Aug-2019 22:27:07.500 INFO [main] org.apache.tomcat.util.net.NioSelectorPool.getSharedSelector Using a shared selector for servlet write/read
20-Aug-2019 22:27:07.501 INFO [main] org.apache.catalina.startup.Catalina.load Initialization processed in 891 ms
20-Aug-2019 22:27:07.526 INFO [main] org.apache.catalina.core.StandardService.startInternal Starting service [Catalina]
20-Aug-2019 22:27:07.526 INFO [main] org.apache.catalina.core.StandardEngine.startInternal Starting Servlet Engine: Apache Tomcat/9.0.6
20-Aug-2019 22:27:07.535 INFO [main] org.apache.catalina.startup.HostConfig.deployDescriptor Deploying deployment descriptor [/opt/liferay/tomcat/conf/Catalina/localhost/ROOT.xml]
20-Aug-2019 22:27:07.559 WARNING [main] org.apache.catalina.startup.HostConfig.deployDescriptor The path attribute with value [] in deployment descriptor [/opt/liferay/tomcat/conf/Catalina/localhost/ROOT.xml] has been ignored
20-Aug-2019 22:29:53.549 INFO [main] org.apache.catalina.startup.HostConfig.deployDescriptor Deployment of deployment descriptor [/opt/liferay/tomcat/conf/Catalina/localhost/ROOT.xml] has finished in [166,013] ms
20-Aug-2019 22:29:53.562 INFO [main] org.apache.coyote.AbstractProtocol.start Starting ProtocolHandler ["http-nio-8080"]
20-Aug-2019 22:29:53.613 INFO [main] org.apache.coyote.AbstractProtocol.start Starting ProtocolHandler ["ajp-nio-8009"]
20-Aug-2019 22:29:53.639 INFO [main] org.apache.catalina.startup.Catalina.start Server startup in 166274 ms
